This is pdfTeX, Version 3.14159265-2.6-1.40.18 (TeX Live 2017) (preloaded format=pdflatex 2017.5.23)  14 AUG 2017 17:47
entering extended mode
 restricted \write18 enabled.
 %&-line parsing enabled.
**report.tex
(./report.tex
LaTeX2e <2017-04-15>
Babel <3.10> and hyphenation patterns for 84 language(s) loaded.
(./cslreport.cls
Document Class: cslreport 2001/04/05 SRI Computer Science Lab report class
(/usr/local/texlive/2017/texmf-dist/tex/latex/graphics/graphicx.sty
Package: graphicx 2017/06/01 v1.1a Enhanced LaTeX Graphics (DPC,SPQR)

(/usr/local/texlive/2017/texmf-dist/tex/latex/graphics/keyval.sty
Package: keyval 2014/10/28 v1.15 key=value parser (DPC)
\KV@toks@=\toks14
)
(/usr/local/texlive/2017/texmf-dist/tex/latex/graphics/graphics.sty
Package: graphics 2017/06/13 v1.2b Standard LaTeX Graphics (DPC,SPQR)

(/usr/local/texlive/2017/texmf-dist/tex/latex/graphics/trig.sty
Package: trig 2016/01/03 v1.10 sin cos tan (DPC)
)
(/usr/local/texlive/2017/texmf-dist/tex/latex/graphics-cfg/graphics.cfg
File: graphics.cfg 2016/06/04 v1.11 sample graphics configuration
)
Package graphics Info: Driver file: pdftex.def on input line 99.

(/usr/local/texlive/2017/texmf-dist/tex/latex/graphics-def/pdftex.def
File: pdftex.def 2017/06/20 v1.0f Graphics/color driver for pdftex
))
\Gin@req@height=\dimen102
\Gin@req@width=\dimen103
)
(/usr/local/texlive/2017/texmf-dist/tex/latex/graphics/color.sty
Package: color 2016/07/10 v1.1e Standard LaTeX Color (DPC)

(/usr/local/texlive/2017/texmf-dist/tex/latex/graphics-cfg/color.cfg
File: color.cfg 2016/01/02 v1.6 sample color configuration
)
Package color Info: Driver file: pdftex.def on input line 147.

(/usr/local/texlive/2017/texmf-dist/tex/latex/graphics/dvipsnam.def
File: dvipsnam.def 2016/06/17 v3.0m Driver-dependent file (DPC,SPQR)
))
(./helvetic.sty
Package: helvetic 1995/08/12 1 PSNFSS LaTeX2e package loading Helvetica-Oblique

) (/usr/local/texlive/2017/texmf-dist/tex/latex/base/report.cls
Document Class: report 2014/09/29 v1.4h Standard LaTeX document class
(/usr/local/texlive/2017/texmf-dist/tex/latex/base/size12.clo
File: size12.clo 2014/09/29 v1.4h Standard LaTeX file (size option)
)
\c@part=\count79
\c@chapter=\count80
\c@section=\count81
\c@subsection=\count82
\c@subsubsection=\count83
\c@paragraph=\count84
\c@subparagraph=\count85
\c@figure=\count86
\c@table=\count87
\abovecaptionskip=\skip41
\belowcaptionskip=\skip42
\bibindent=\dimen104
)
\csltitle@topmargin=\dimen105
\csltitle@leftmargin=\dimen106
\csltitle@textwidth=\dimen107
)
(/usr/local/texlive/2017/texmf-dist/tex/latex/base/alltt.sty
Package: alltt 1997/06/16 v2.0g defines alltt environment
)
(/usr/local/texlive/2017/texmf-dist/tex/latex/psnfss/times.sty
Package: times 2005/04/12 PSNFSS-v9.2a (SPQR) 
)
(/usr/local/texlive/2017/texmf-dist/tex/latex/url/url.sty
\Urlmuskip=\muskip10
Package: url 2013/09/16  ver 3.4  Verb mode for urls, etc.
)
(/usr/local/texlive/2017/texmf-dist/tex/latex/cite/cite.sty
LaTeX Info: Redefining \cite on input line 302.
LaTeX Info: Redefining \nocite on input line 332.
Package: cite 2015/02/27  v 5.5
)
(/usr/local/texlive/2017/texmf-dist/tex/latex/amsfonts/amsfonts.sty
Package: amsfonts 2013/01/14 v3.01 Basic AMSFonts support
\@emptytoks=\toks15
\symAMSa=\mathgroup4
\symAMSb=\mathgroup5
LaTeX Font Info:    Overwriting math alphabet `\mathfrak' in version `bold'
(Font)                  U/euf/m/n --> U/euf/b/n on input line 106.
)
(/usr/local/texlive/2017/texmf-dist/tex/latex/base/latexsym.sty
Package: latexsym 1998/08/17 v2.2e Standard LaTeX package (lasy symbols)
\symlasy=\mathgroup6
LaTeX Font Info:    Overwriting symbol font `lasy' in version `bold'
(Font)                  U/lasy/m/n --> U/lasy/b/n on input line 52.
)
(/usr/local/texlive/2017/texmf-dist/tex/latex/amsfonts/amssymb.sty
Package: amssymb 2013/01/14 v3.01 AMS font symbols
)
(/usr/local/texlive/2017/texmf-dist/tex/latex/listings/listings.sty
\lst@mode=\count88
\lst@gtempboxa=\box26
\lst@token=\toks16
\lst@length=\count89
\lst@currlwidth=\dimen108
\lst@column=\count90
\lst@pos=\count91
\lst@lostspace=\dimen109
\lst@width=\dimen110
\lst@newlines=\count92
\lst@lineno=\count93
\lst@maxwidth=\dimen111

(/usr/local/texlive/2017/texmf-dist/tex/latex/listings/lstmisc.sty
File: lstmisc.sty 2015/06/04 1.6 (Carsten Heinz)
\c@lstnumber=\count94
\lst@skipnumbers=\count95
\lst@framebox=\box27
)
(/usr/local/texlive/2017/texmf-dist/tex/latex/listings/listings.cfg
File: listings.cfg 2015/06/04 1.6 listings configuration
))
Package: listings 2015/06/04 1.6 (Carsten Heinz)

(./macros.tex
\c@proglineno=\count96

(/usr/local/texlive/2017/texmf-dist/tex/latex/listings/lstlang1.sty
File: lstlang1.sty 2015/06/04 1.6 listings language file
)
(/usr/local/texlive/2017/texmf-dist/tex/latex/listings/lstmisc.sty
File: lstmisc.sty 2015/06/04 1.6 (Carsten Heinz)
))
(./report.aux)
\openout1 = `report.aux'.

LaTeX Font Info:    Checking defaults for OML/cmm/m/it on input line 28.
LaTeX Font Info:    ... okay on input line 28.
LaTeX Font Info:    Checking defaults for T1/cmr/m/n on input line 28.
LaTeX Font Info:    ... okay on input line 28.
LaTeX Font Info:    Checking defaults for OT1/cmr/m/n on input line 28.
LaTeX Font Info:    ... okay on input line 28.
LaTeX Font Info:    Checking defaults for OMS/cmsy/m/n on input line 28.
LaTeX Font Info:    ... okay on input line 28.
LaTeX Font Info:    Checking defaults for OMX/cmex/m/n on input line 28.
LaTeX Font Info:    ... okay on input line 28.
LaTeX Font Info:    Checking defaults for U/cmr/m/n on input line 28.
LaTeX Font Info:    ... okay on input line 28.
LaTeX Font Info:    Try loading font information for OT1+ptm on input line 28.
 (/usr/local/texlive/2017/texmf-dist/tex/latex/psnfss/ot1ptm.fd
File: ot1ptm.fd 2001/06/04 font definitions for OT1/ptm.
)
(/usr/local/texlive/2017/texmf-dist/tex/context/base/mkii/supp-pdf.mkii
[Loading MPS to PDF converter (version 2006.09.02).]
\scratchcounter=\count97
\scratchdimen=\dimen112
\scratchbox=\box28
\nofMPsegments=\count98
\nofMParguments=\count99
\everyMPshowfont=\toks17
\MPscratchCnt=\count100
\MPscratchDim=\dimen113
\MPnumerator=\count101
\makeMPintoPDFobject=\count102
\everyMPtoPDFconversion=\toks18
) (/usr/local/texlive/2017/texmf-dist/tex/latex/oberdiek/epstopdf-base.sty
Package: epstopdf-base 2016/05/15 v2.6 Base part for package epstopdf

(/usr/local/texlive/2017/texmf-dist/tex/generic/oberdiek/infwarerr.sty
Package: infwarerr 2016/05/16 v1.4 Providing info/warning/error messages (HO)
)
(/usr/local/texlive/2017/texmf-dist/tex/latex/oberdiek/grfext.sty
Package: grfext 2016/05/16 v1.2 Manage graphics extensions (HO)

(/usr/local/texlive/2017/texmf-dist/tex/generic/oberdiek/kvdefinekeys.sty
Package: kvdefinekeys 2016/05/16 v1.4 Define keys (HO)

(/usr/local/texlive/2017/texmf-dist/tex/generic/oberdiek/ltxcmds.sty
Package: ltxcmds 2016/05/16 v1.23 LaTeX kernel commands for general use (HO)
)))
(/usr/local/texlive/2017/texmf-dist/tex/latex/oberdiek/kvoptions.sty
Package: kvoptions 2016/05/16 v3.12 Key value format for package options (HO)

(/usr/local/texlive/2017/texmf-dist/tex/generic/oberdiek/kvsetkeys.sty
Package: kvsetkeys 2016/05/16 v1.17 Key value parser (HO)

(/usr/local/texlive/2017/texmf-dist/tex/generic/oberdiek/etexcmds.sty
Package: etexcmds 2016/05/16 v1.6 Avoid name clashes with e-TeX commands (HO)

(/usr/local/texlive/2017/texmf-dist/tex/generic/oberdiek/ifluatex.sty
Package: ifluatex 2016/05/16 v1.4 Provides the ifluatex switch (HO)
Package ifluatex Info: LuaTeX not detected.
)
Package etexcmds Info: Could not find \expanded.
(etexcmds)             That can mean that you are not using pdfTeX 1.50 or
(etexcmds)             that some package has redefined \expanded.
(etexcmds)             In the latter case, load this package earlier.
)))
(/usr/local/texlive/2017/texmf-dist/tex/generic/oberdiek/pdftexcmds.sty
Package: pdftexcmds 2017/03/19 v0.25 Utility functions of pdfTeX for LuaTeX (HO
)

(/usr/local/texlive/2017/texmf-dist/tex/generic/oberdiek/ifpdf.sty
Package: ifpdf 2017/03/15 v3.2 Provides the ifpdf switch
)
Package pdftexcmds Info: LuaTeX not detected.
Package pdftexcmds Info: \pdf@primitive is available.
Package pdftexcmds Info: \pdf@ifprimitive is available.
Package pdftexcmds Info: \pdfdraftmode found.
)
Package epstopdf-base Info: Redefining graphics rule for `.eps' on input line 4
38.
Package grfext Info: Graphics extension search list:
(grfext)             [.pdf,.png,.jpg,.mps,.jpeg,.jbig2,.jb2,.PDF,.PNG,.JPG,.JPE
G,.JBIG2,.JB2,.eps]
(grfext)             \AppendGraphicsExtensions on input line 456.

(/usr/local/texlive/2017/texmf-dist/tex/latex/latexconfig/epstopdf-sys.cfg
File: epstopdf-sys.cfg 2010/07/13 v1.3 Configuration of (r)epstopdf for TeX Liv
e
))
\c@lstlisting=\count103
LaTeX Font Info:    Try loading font information for OT1+phv on input line 32.

(/usr/local/texlive/2017/texmf-dist/tex/latex/psnfss/ot1phv.fd
File: ot1phv.fd 2001/06/04 scalable font definitions for OT1/phv.
)
<SRIInternational.pdf, id=1, pagebox=cropbox, 521.95pt x 55.20625pt>
File: SRIInternational.pdf Graphic file (type pdf)
<use SRIInternational.pdf>
Package pdftex.def Info: SRIInternational.pdf  used on input line 32. on input 
line 32.
Package pdftex.def Info: Requested size: 505.89pt x 53.5087pt on input line 32.

LaTeX Font Info:    Try loading font information for U+msa on input line 32.

(/usr/local/texlive/2017/texmf-dist/tex/latex/amsfonts/umsa.fd
File: umsa.fd 2013/01/14 v3.01 AMS symbols A
)
LaTeX Font Info:    Try loading font information for U+msb on input line 32.

(/usr/local/texlive/2017/texmf-dist/tex/latex/amsfonts/umsb.fd
File: umsb.fd 2013/01/14 v3.01 AMS symbols B
)
LaTeX Font Info:    Try loading font information for U+lasy on input line 32.

(/usr/local/texlive/2017/texmf-dist/tex/latex/base/ulasy.fd
File: ulasy.fd 1998/08/17 v2.2e LaTeX symbol font definitions
)
LaTeX Font Info:    Font shape `OT1/ptm/bx/n' in size <20.74> not available
(Font)              Font shape `OT1/ptm/b/n' tried instead on input line 32.
<srilogo.pdf, id=2, pagebox=cropbox, 538.01pt x 379.4175pt>
File: srilogo.pdf Graphic file (type pdf)
<use srilogo.pdf>
Package pdftex.def Info: srilogo.pdf  used on input line 32. on input line 32.
Package pdftex.def Info: Requested size: 72.62pt x 51.21495pt on input line 32.

\top@raise=\dimen114
\bot@raise=\dimen115

Overfull \hbox (31.53868pt too wide) in paragraph at lines 32--33
[]| $[]$ 
 []

[1

{/usr/local/texlive/2017/texmf-var/fonts/map/pdftex/updmap/pdftex.map} <./SRIIn
ternational.pdf> <./srilogo.pdf>]
LaTeX Font Info:    Font shape `OT1/ptm/bx/n' in size <24.88> not available
(Font)              Font shape `OT1/ptm/b/n' tried instead on input line 35.
 (./report.toc
LaTeX Font Info:    Font shape `OT1/ptm/bx/n' in size <12> not available
(Font)              Font shape `OT1/ptm/b/n' tried instead on input line 1.
)
\tf@toc=\write3
\openout3 = `report.toc'.

 [2


] (./report.lof)
\tf@lof=\write4
\openout4 = `report.lof'.

 [3

]
(./report.lot)
\tf@lot=\write5
\openout5 = `report.lot'.

 [4

]
Chapter 1.

Overfull \hbox (13.10522pt too wide) in paragraph at lines 46--53
\OT1/ptm/m/n/12 This doc-u-ment sum-ma-rizes the re-search per-formed un-der Da
rpa Con-tract Num-ber N66001-
 []

LaTeX Font Info:    Font shape `OT1/ptm/bx/n' in size <17.28> not available
(Font)              Font shape `OT1/ptm/b/n' tried instead on input line 56.
[5


]
LaTeX Font Info:    Try loading font information for OT1+pcr on input line 92.
 (/usr/local/texlive/2017/texmf-dist/tex/latex/psnfss/ot1pcr.fd
File: ot1pcr.fd 2001/06/04 font definitions for OT1/pcr.
)
Underfull \hbox (badness 10000) in paragraph at lines 97--97
[][]\OT1/ptm/m/n/10 For sim-plic-ity of dis-cus-sion, we omit \OT1/pcr/m/n/10 c
alloc()\OT1/ptm/m/n/10 , \OT1/pcr/m/n/10 realloc()\OT1/ptm/m/n/10 , \OT1/pcr/m/
n/10 valloc()\OT1/ptm/m/n/10 , and
 []

<heap-example.pdf, id=28, pagebox=cropbox, 438.13687pt x 51.19125pt>
File: heap-example.pdf Graphic file (type pdf)
<use heap-example.pdf>
Package pdftex.def Info: heap-example.pdf  used on input line 123. on input lin
e 123.
Package pdftex.def Info: Requested size: 438.13579pt x 51.19112pt on input line
 123.

Overfull \hbox (17.88861pt too wide) in paragraph at lines 123--124
 [] 
 []

[6 <./heap-example.pdf>]
<heap-split.pdf, id=110, pagebox=cropbox, 438.13687pt x 51.19125pt>
File: heap-split.pdf Graphic file (type pdf)
<use heap-split.pdf>
Package pdftex.def Info: heap-split.pdf  used on input line 171. on input line 
171.
Package pdftex.def Info: Requested size: 438.13579pt x 51.19112pt on input line
 171.

Overfull \hbox (17.88861pt too wide) in paragraph at lines 171--172
 [] 
 []

[7 <./heap-split.pdf>] [8]
Chapter 2.
<OurFamilyTree.pdf, id=195, pagebox=cropbox, 342.27875pt x 307.1475pt>
File: OurFamilyTree.pdf Graphic file (type pdf)
<use OurFamilyTree.pdf>
Package pdftex.def Info: OurFamilyTree.pdf  used on input line 278. on input li
ne 278.
Package pdftex.def Info: Requested size: 342.2779pt x 307.14674pt on input line
 278.

LaTeX Warning: `h' float specifier changed to `ht'.

LaTeX Font Info:    Try loading font information for OMS+ptm on input line 291.

(/usr/local/texlive/2017/texmf-dist/tex/latex/psnfss/omsptm.fd
File: omsptm.fd 
)
LaTeX Font Info:    Font shape `OMS/ptm/m/n' in size <12> not available
(Font)              Font shape `OMS/cmsy/m/n' tried instead on input line 291.
 [9

]
Overfull \hbox (1.0216pt too wide) in paragraph at lines 296--306
[]\OT1/ptm/m/n/12 Our sec-ond pro-to-type (\OT1/pcr/m/n/12 psmalloc2\OT1/ptm/m/
n/12 ) builds upon Gloger's mal-loc (\OT1/pcr/m/n/12 ptmalloc2\OT1/ptm/m/n/12 )
.
 []

[10 <./OurFamilyTree.pdf>]
Overfull \hbox (1.16493pt too wide) in paragraph at lines 317--321
\OT1/ptm/m/n/12 Lea's malloc---we also ex-am-ined mal-loc im-ple-men-ta-tions i
n Win-dows and Ap-ple's OS X
 []

Missing character: There is no â in font ptmr7t!
Missing character: There is no € in font ptmr7t!
Missing character: There is no ™ in font ptmr7t!
Missing character: There is no â in font ptmr7t!
Missing character: There is no € in font ptmr7t!
Missing character: There is no ™ in font ptmr7t!
[11]

LaTeX Warning: Reference `algorithm-details' on page 12 undefined on input line
 395.

[12]
LaTeX Font Info:    Font shape `OT1/pcr/bx/n' in size <10> not available
(Font)              Font shape `OT1/pcr/b/n' tried instead on input line 448.
 [13] [14]
Chapter 3.
[15

] [16] (./caching.tex [17] [18] [19]) [20]
Chapter 4.
(./report.bbl [21

]
Underfull \hbox (badness 3965) in paragraph at lines 34--40
[]\OT1/ptm/m/n/10.95 Ben Hawkes.  At-tack-ing the Vista heap.  In \OT1/ptm/m/it
/10.95 Rux-Con 2008\OT1/ptm/m/n/10.95 , Syd-ney, Aus-
 []


Underfull \hbox (badness 1565) in paragraph at lines 42--47
[]\OT1/ptm/m/n/10.95 Ken John-son and Matt Miller.  Ex-ploit mit-i-ga-tion im-p
rove-ments in Win-dows 8.
 []


Underfull \hbox (badness 2173) in paragraph at lines 42--47
\OT1/ptm/m/n/10.95 In \OT1/ptm/m/it/10.95 Black-Hat 2012\OT1/ptm/m/n/10.95 , La
s Ve-gas, NV, July 2012.  $\OT1/pcr/m/n/10.95 http : / / media . blackhat .
 []


Underfull \hbox (badness 10000) in paragraph at lines 42--47
\OT1/pcr/m/n/10.95 com / bh-[]us-[]12 / Briefings / M _ Miller / BH _ US _ 12 _
 Miller _ Exploit _
 []


Underfull \hbox (badness 1448) in paragraph at lines 49--53
[]\OT1/ptm/m/n/10.95 Floretn Kirch-ner, Noko-lai Kos-ma-tov, Vir-gile Pre-vosto
, Ju-lian Sig-noles, and Boris
 []


Underfull \hbox (badness 2418) in paragraph at lines 60--65
[]\OT1/ptm/m/n/10.95 Zhenhua (Eric) Liu.  Ad-vanced heap ma-nip-u-la-tion in wi
n-dows 8.  In \OT1/ptm/m/it/10.95 Black-
 []


Underfull \hbox (badness 1990) in paragraph at lines 60--65
\OT1/ptm/m/it/10.95 Ha-tEU 2013\OT1/ptm/m/n/10.95 , Am-s-ter-dam, Nether-lands,
 March 2013.  Video: $\OT1/pcr/m/n/10.95 https : / / www .
 []

[22

]
Underfull \hbox (badness 2158) in paragraph at lines 85--90
[]\OT1/ptm/m/n/10.95 Microsoft.  \OT1/ptm/m/it/10.95 Soft-ware De-fense: mit-i-
gat-ing heap cor-rup-tion vul-ner-a-bil-i-ties\OT1/ptm/m/n/10.95 , Oc-to-
 []


Underfull \hbox (badness 1189) in paragraph at lines 85--90
\OT1/ptm/m/n/10.95 ber 2013.  $\OT1/pcr/m/n/10.95 https : / / blogs . technet .
 microsoft . com / srd / 2013 / 10 / 29 /
 []


Overfull \hbox (3.30736pt too wide) in paragraph at lines 85--90
\OT1/pcr/m/n/10.95 software-[]defense-[]mitigating-[]heap-[]corruption-[]vulner
abilities/$\OT1/ptm/m/n/10.95 . 
 []


Underfull \hbox (badness 10000) in paragraph at lines 133--139
\OT1/pcr/m/n/10.95 Efficacy-[]of-[]MemoryProtection-[]against-[]use-[]after-[]f
ree / ba-[]p /
 []


Underfull \hbox (badness 10000) in paragraph at lines 145--151
\OT1/pcr/m/n/10.95 Briefings / Valasek / BH _ US _ 12 _ Valasek _ Windows _ 8 _
 Heap _ Internals _
 []


Underfull \hbox (badness 3701) in paragraph at lines 145--151
\OT1/pcr/m/n/10.95 Slides . pdf$\OT1/ptm/m/n/10.95 , Pa-per: $\OT1/pcr/m/n/10.9
5 http : / / illmatics . com / Windows \ %208 \ %20Heap \
 []

[23]
Overfull \hbox (170.55716pt too wide) in paragraph at lines 153--159
\OT1/pcr/m/n/10.95 understanding-[]ies-[]new-[]exploit-[]mitigations-[]the-[]me
mory-[]protector-[]and-[]the-[]isolated-[]heap/$\OT1/ptm/m/n/10.95 . 
 []


Underfull \hbox (badness 2875) in paragraph at lines 161--167
\OT1/ptm/m/it/10.95 dows 10\OT1/ptm/m/n/10.95 .  IBM, Au-gust 2015.  $\OT1/pcr/
m/n/10.95 https : / / securityintelligence . com /
 []


Overfull \hbox (65.93729pt too wide) in paragraph at lines 161--167
\OT1/pcr/m/n/10.95 memgc-[]use-[]after-[]free-[]exploit-[]mitigation-[]in-[]edg
e-[]and-[]ie-[]on-[]windows-[]10/$\OT1/ptm/m/n/10.95 . 
 []

) [24]
Appendix A.
(./apple.tex
LaTeX Font Info:    Font shape `OT1/ptm/bx/n' in size <14.4> not available
(Font)              Font shape `OT1/ptm/b/n' tried instead on input line 19.

Underfull \hbox (badness 10000) in paragraph at lines 34--34
[][]$\OT1/pcr/m/n/10 https : / / developer . apple . com / library / mac / docu
mentation / Performance /
 []


Underfull \hbox (badness 10000) in paragraph at lines 37--37
[][]$\OT1/pcr/m/n/10 https : / / developer . apple . com / library / ios / docu
mentation / General /
 []

[25

]
Underfull \hbox (badness 10000) in paragraph at lines 99--99
[][]$\OT1/pcr/m/n/10 https : / / developer . apple . com / library / ios / docu
mentation / Performance /
 []

[26]
Overfull \hbox (4.4153pt too wide) in paragraph at lines 145--150
[]\OT1/ptm/m/n/12 Unlike \OT1/pcr/m/n/12 libmalloc\OT1/ptm/m/n/12 , mem-ory ob-
jects in \OT1/pcr/m/n/12 bmalloc \OT1/ptm/m/n/12 never hold meta-data when they
're
 []

) (./windows.tex [27] [28]) [29] (./report.aux)

LaTeX Warning: There were undefined references.

 ) 
Here is how much of TeX's memory you used:
 3876 strings out of 492995
 55666 string characters out of 6132704
 145268 words of memory out of 5000000
 7299 multiletter control sequences out of 15000+600000
 45982 words of font info for 107 fonts, out of 8000000 for 9000
 1141 hyphenation exceptions out of 8191
 41i,11n,49p,273b,1064s stack positions out of 5000i,500n,10000p,200000b,80000s
{/usr/local/texlive/2017/texmf-dist/fonts/enc/dvips/base/8r.enc}</usr/local/t
exlive/2017/texmf-dist/fonts/type1/public/amsfonts/cm/cmmi12.pfb></usr/local/te
xlive/2017/texmf-dist/fonts/type1/public/amsfonts/cm/cmr12.pfb></usr/local/texl
ive/2017/texmf-dist/fonts/type1/public/amsfonts/cm/cmsy10.pfb></usr/local/texli
ve/2017/texmf-dist/fonts/type1/public/amsfonts/cm/cmsy8.pfb></usr/local/texlive
/2017/texmf-dist/fonts/type1/urw/courier/ucrb8a.pfb></usr/local/texlive/2017/te
xmf-dist/fonts/type1/urw/courier/ucrr8a.pfb></usr/local/texlive/2017/texmf-dist
/fonts/type1/urw/helvetic/uhvr8a.pfb></usr/local/texlive/2017/texmf-dist/fonts/
type1/urw/times/utmb8a.pfb></usr/local/texlive/2017/texmf-dist/fonts/type1/urw/
times/utmr8a.pfb></usr/local/texlive/2017/texmf-dist/fonts/type1/urw/times/utmr
i8a.pfb>
Output written on report.pdf (29 pages, 248681 bytes).
PDF statistics:
 348 PDF objects out of 1000 (max. 8388607)
 212 compressed objects within 3 object streams
 0 named destinations out of 1000 (max. 500000)
 26 words of extra memory for PDF output out of 10000 (max. 10000000)

